200306 111455.370|CONFIG|main|setFileHandlers|Now logging to C:\Users\Admin\Desktop\CTDL&GT\pc2Client\pc2Client\bin\logs directory.
200306 111455.372|INFO|main|info|
200306 111455.375|INFO|main|info|Version 9.6.0 20190102 (Wednesday, January 2nd 2019 01:20 UTC) Java ver 1.8.0_241 build 5102 Windows 10 10.0 (amd64) 
200306 111455.375|INFO|main|startLog|Working directory is C:\Users\Admin\Desktop\CTDL&GT\pc2Client\pc2Client\bin
200306 111455.386|INFO|main|startLog|Process id is 6196@Admin
200306 111455.386|INFO|main|start|Starting ConnectionManager...
200306 111455.818|INFO|main|start|Started ConnectionManager
200306 111455.819|INFO|main|setClientServerAndPort|INIFile File location: file:/C:/Users/Admin/Desktop/CTDL&GT/pc2Client/pc2Client/bin/pc2v9.ini
200306 111455.820|INFO|main|setClientServerAndPort|setClientServerAndPort 203.162.10.117 parsed as 203.162.10.117 port 50002
200306 111455.820|INFO|main|info|Contacting server at 203.162.10.117:50002
200306 111455.820|INFO|main|connectToMyServer|Connecting to 203.162.10.117:50002
200306 111456.064|INFO|Thread-1|receiveUnencrypted|receiveUnencrypted(TransportWrapper, ConnectionHandlerID=Socket[addr=/203.162.10.117,port=50002,localport=53101]-4085521818469580845)
200306 111456.587|INFO|Thread-1|receiveUnencrypted|receiveUnencrypted Made a secret key for Socket[addr=/203.162.10.117,port=50002,localport=53101]-4085521818469580845 key is com.sun.crypto.provider.DESKey@fffe78d4
200306 111456.588|INFO|Thread-1|getPublicKeyPacket|Generating Unencrypted Public Key Packet
200306 111456.590|INFO|Thread-1|getPublicKeyPacket|checking key:= SunJCE Diffie-Hellman Public Key:
y:
    4c626c8a 0c06c663 fbe527aa c30c3bc0 9f00d6d7 6f0f6692 6c6d79c5 c5e2e9be
    1b3e5837 54bf094a 19f0305d 3a3c1a32 9f4f273b d8917d40 034852e8 d17dc714
    25541d2c dbf71556 1dfdfdb6 6237715f 045f1243 d1ae0d38 d915ce3c dc3f26d0
    b153ccfd 07272eef b76f8c0b 6aae239f f99fb5f4 130df450 4bd7a1f3 009ac341
p:
    f488fd58 4e49dbcd 20b49de4 9107366b 336c380d 451d0f7c 88b31c7c 5b2d8ef6
    f3c923c0 43f0a55b 188d8ebb 558cb85d 38d334fd 7c175743 a31d186c de33212c
    b52aff3c e1b12940 18118d7c 84a70a72 d686c403 19c80729 7aca950c d9969fab
    d00a509b 0246d308 3d66a45d 419f9c7c bd894b22 1926baab a25ec355 e92f78c7
g:
    02
l:
    512
200306 111456.591|INFO|Thread-1|getPublicKeyPacket|packet:= edu.csus.ecs.pc2.core.transport.TransportWrapper@2c3d8cd3
200306 143341.192|INFO|Thread-1|receive|Exception in receive for Socket[addr=/203.162.10.117,port=50002,localport=53101]-4085521818469580845
|java.net.SocketTimeoutException: Read timed out
|    at java.net.SocketInputStream.socketRead0 (Unknown Source)
|    at java.net.SocketInputStream.socketRead (Unknown Source)
|    at java.net.SocketInputStream.read (Unknown Source)
|    at java.net.SocketInputStream.read (Unknown Source)
|    at java.net.SocketInputStream.read (Unknown Source)
|    at java.io.ObjectInputStream$PeekInputStream.peek (Unknown Source)
|    at java.io.ObjectInputStream$BlockDataInputStream.peek (Unknown Source)
|    at java.io.ObjectInputStream$BlockDataInputStream.peekByte (Unknown Source)
|    at java.io.ObjectInputStream.readObject0 (Unknown Source)
|    at java.io.ObjectInputStream.readObject (Unknown Source)
|    at java.io.ObjectInputStream.readObject (Unknown Source)
|    at edu.csus.ecs.pc2.core.transport.ConnectionHandlerThread.receive (ConnectionHandlerThread.java:151)
|    at edu.csus.ecs.pc2.core.transport.ConnectionHandlerClientThread.run (ConnectionHandlerClientThread.java:65)
200306 143341.193|FINER|Thread-1|run|THROW
|edu.csus.ecs.pc2.core.transport.TransportException: Read timed out
|    at edu.csus.ecs.pc2.core.transport.ConnectionHandlerThread.receive (ConnectionHandlerThread.java:161)
|    at edu.csus.ecs.pc2.core.transport.ConnectionHandlerClientThread.run (ConnectionHandlerClientThread.java:65)
200306 143341.193|INFO|Thread-1|receive|SocketException in receive for Socket[addr=/203.162.10.117,port=50002,localport=53101]-4085521818469580845
|java.net.SocketException: Connection reset
|    at java.net.SocketInputStream.read (Unknown Source)
|    at java.net.SocketInputStream.read (Unknown Source)
|    at java.net.SocketInputStream.read (Unknown Source)
|    at java.io.ObjectInputStream$PeekInputStream.peek (Unknown Source)
|    at java.io.ObjectInputStream$BlockDataInputStream.peek (Unknown Source)
|    at java.io.ObjectInputStream$BlockDataInputStream.peekByte (Unknown Source)
|    at java.io.ObjectInputStream.readObject0 (Unknown Source)
|    at java.io.ObjectInputStream.readObject (Unknown Source)
|    at java.io.ObjectInputStream.readObject (Unknown Source)
|    at edu.csus.ecs.pc2.core.transport.ConnectionHandlerThread.receive (ConnectionHandlerThread.java:151)
|    at edu.csus.ecs.pc2.core.transport.ConnectionHandlerClientThread.run (ConnectionHandlerClientThread.java:65)
200306 143341.193|FINER|Thread-1|run|THROW
|edu.csus.ecs.pc2.core.transport.TransportException: Connection reset
|    at edu.csus.ecs.pc2.core.transport.ConnectionHandlerThread.receive (ConnectionHandlerThread.java:155)
|    at edu.csus.ecs.pc2.core.transport.ConnectionHandlerClientThread.run (ConnectionHandlerClientThread.java:65)
