200309 171524.640|CONFIG|main|setFileHandlers|Now logging to C:\Users\Admin\Desktop\CTDL&GT\pc2Client\pc2Client\bin\logs directory.
200309 171524.643|INFO|main|info|
200309 171524.646|INFO|main|info|Version 9.6.0 20190102 (Wednesday, January 2nd 2019 01:20 UTC) Java ver 1.8.0_241 build 5102 Windows 10 10.0 (amd64) 
200309 171524.647|INFO|main|startLog|Working directory is C:\Users\Admin\Desktop\CTDL&GT\pc2Client\pc2Client\bin
200309 171524.661|INFO|main|startLog|Process id is 4140@Admin
200309 171524.662|INFO|main|start|Starting ConnectionManager...
200309 171525.146|INFO|main|start|Started ConnectionManager
200309 171525.149|INFO|main|setClientServerAndPort|INIFile File location: file:/C:/Users/Admin/Desktop/CTDL&GT/pc2Client/pc2Client/bin/pc2v9.ini
200309 171525.149|INFO|main|setClientServerAndPort|setClientServerAndPort 203.162.10.117 parsed as 203.162.10.117 port 50002
200309 171525.149|INFO|main|info|Contacting server at 203.162.10.117:50002
200309 171525.151|INFO|main|connectToMyServer|Connecting to 203.162.10.117:50002
200309 171525.248|INFO|Thread-1|receiveUnencrypted|receiveUnencrypted(TransportWrapper, ConnectionHandlerID=Socket[addr=/203.162.10.117,port=50002,localport=60291]-4580170345296264711)
200309 171525.978|INFO|Thread-1|receiveUnencrypted|receiveUnencrypted Made a secret key for Socket[addr=/203.162.10.117,port=50002,localport=60291]-4580170345296264711 key is com.sun.crypto.provider.DESKey@184af
200309 171525.979|INFO|Thread-1|getPublicKeyPacket|Generating Unencrypted Public Key Packet
200309 171525.983|INFO|Thread-1|getPublicKeyPacket|checking key:= SunJCE Diffie-Hellman Public Key:
y:
    aea313f4 8c99c74e 553b970e 01e55c0a bdf1b918 57149641 f4c88604 f2d9edf5
    8fbd9248 7bf46f29 f1e37bce 22ef1df4 3c82d87f 3854ba61 62d6f1ea b58a6de5
    7cd3bdcd 5280a3a7 ae2c1318 6e41328a 5c44a8b6 440de034 6ea353b0 c2e7af91
    f5718c2e 3c400ca6 55998e4d 34f32370 ecfe3b9a 483ca9d4 1ea0521c 73279ac0
p:
    f488fd58 4e49dbcd 20b49de4 9107366b 336c380d 451d0f7c 88b31c7c 5b2d8ef6
    f3c923c0 43f0a55b 188d8ebb 558cb85d 38d334fd 7c175743 a31d186c de33212c
    b52aff3c e1b12940 18118d7c 84a70a72 d686c403 19c80729 7aca950c d9969fab
    d00a509b 0246d308 3d66a45d 419f9c7c bd894b22 1926baab a25ec355 e92f78c7
g:
    02
l:
    512
200309 171525.983|INFO|Thread-1|getPublicKeyPacket|packet:= edu.csus.ecs.pc2.core.transport.TransportWrapper@b6932b0
200309 171905.618|INFO|Thread-1|receive|SocketException in receive for Socket[addr=/203.162.10.117,port=50002,localport=60291]-4580170345296264711
|java.net.SocketException: Connection reset
|    at java.net.SocketInputStream.read (Unknown Source)
|    at java.net.SocketInputStream.read (Unknown Source)
|    at java.net.SocketInputStream.read (Unknown Source)
|    at java.io.ObjectInputStream$PeekInputStream.peek (Unknown Source)
|    at java.io.ObjectInputStream$BlockDataInputStream.peek (Unknown Source)
|    at java.io.ObjectInputStream$BlockDataInputStream.peekByte (Unknown Source)
|    at java.io.ObjectInputStream.readObject0 (Unknown Source)
|    at java.io.ObjectInputStream.readObject (Unknown Source)
|    at java.io.ObjectInputStream.readObject (Unknown Source)
|    at edu.csus.ecs.pc2.core.transport.ConnectionHandlerThread.receive (ConnectionHandlerThread.java:151)
|    at edu.csus.ecs.pc2.core.transport.ConnectionHandlerClientThread.run (ConnectionHandlerClientThread.java:65)
200309 171905.619|FINER|Thread-1|run|THROW
|edu.csus.ecs.pc2.core.transport.TransportException: Connection reset
|    at edu.csus.ecs.pc2.core.transport.ConnectionHandlerThread.receive (ConnectionHandlerThread.java:155)
|    at edu.csus.ecs.pc2.core.transport.ConnectionHandlerClientThread.run (ConnectionHandlerClientThread.java:65)
