200406 161920.090|CONFIG|main|setFileHandlers|Now logging to C:\Users\Admin\Desktop\CTDL\pc2Client\pc2Client\bin\logs directory.
200406 161920.090|INFO|main|info|
200406 161920.090|INFO|main|info|Version 9.6.0 20190102 (Wednesday, January 2nd 2019 01:20 UTC) Java ver 1.8.0_241 build 5102 Windows 10 10.0 (amd64) 
200406 161920.090|INFO|main|startLog|Working directory is C:\Users\Admin\Desktop\CTDL\pc2Client\pc2Client\bin
200406 161920.106|INFO|main|startLog|Process id is 4976@Admin
200406 161920.106|INFO|main|start|Starting ConnectionManager...
200406 161920.430|INFO|main|start|Started ConnectionManager
200406 161920.432|INFO|main|setClientServerAndPort|INIFile File location: file:/C:/Users/Admin/Desktop/CTDL/pc2Client/pc2Client/bin/pc2v9.ini
200406 161920.432|INFO|main|setClientServerAndPort|setClientServerAndPort 203.162.10.117 parsed as 203.162.10.117 port 50002
200406 161920.432|INFO|main|info|Contacting server at 203.162.10.117:50002
200406 161920.433|INFO|main|connectToMyServer|Connecting to 203.162.10.117:50002
200406 161920.513|INFO|Thread-1|receiveUnencrypted|receiveUnencrypted(TransportWrapper, ConnectionHandlerID=Socket[addr=/203.162.10.117,port=50002,localport=51669]--8686115616335065873)
200406 161920.959|INFO|Thread-1|receiveUnencrypted|receiveUnencrypted Made a secret key for Socket[addr=/203.162.10.117,port=50002,localport=51669]--8686115616335065873 key is com.sun.crypto.provider.DESKey@18506
200406 161920.959|INFO|Thread-1|getPublicKeyPacket|Generating Unencrypted Public Key Packet
200406 161920.959|INFO|Thread-1|getPublicKeyPacket|checking key:= SunJCE Diffie-Hellman Public Key:
y:
    d8bd1eb1 cbe8e98c 99e98850 4f1b6eef bd1b7106 311c9b26 5a3af9bd 98e35b77
    2610690e 0bab2326 6e562a30 4a44c17c 7218ef3c a973684d d7038fb6 8178c432
    6b7b8a64 a6829dbe 0231f519 9fa456fb 179cf651 e8a83b87 f8c50ace 2fc44282
    e6211101 1d8bbcfe 2c2b14db 0e0cee89 d0e75aa4 71ff1c85 950b3321 135fe4c6
p:
    f488fd58 4e49dbcd 20b49de4 9107366b 336c380d 451d0f7c 88b31c7c 5b2d8ef6
    f3c923c0 43f0a55b 188d8ebb 558cb85d 38d334fd 7c175743 a31d186c de33212c
    b52aff3c e1b12940 18118d7c 84a70a72 d686c403 19c80729 7aca950c d9969fab
    d00a509b 0246d308 3d66a45d 419f9c7c bd894b22 1926baab a25ec355 e92f78c7
g:
    02
l:
    512
200406 161920.959|INFO|Thread-1|getPublicKeyPacket|packet:= edu.csus.ecs.pc2.core.transport.TransportWrapper@2c3d8cd3
200406 173030.333|INFO|Thread-1|receive|SocketException in receive for Socket[addr=/203.162.10.117,port=50002,localport=51669]--8686115616335065873
|java.net.SocketException: Connection reset
|    at java.net.SocketInputStream.read (Unknown Source)
|    at java.net.SocketInputStream.read (Unknown Source)
|    at java.net.SocketInputStream.read (Unknown Source)
|    at java.io.ObjectInputStream$PeekInputStream.peek (Unknown Source)
|    at java.io.ObjectInputStream$BlockDataInputStream.peek (Unknown Source)
|    at java.io.ObjectInputStream$BlockDataInputStream.peekByte (Unknown Source)
|    at java.io.ObjectInputStream.readObject0 (Unknown Source)
|    at java.io.ObjectInputStream.readObject (Unknown Source)
|    at java.io.ObjectInputStream.readObject (Unknown Source)
|    at edu.csus.ecs.pc2.core.transport.ConnectionHandlerThread.receive (ConnectionHandlerThread.java:151)
|    at edu.csus.ecs.pc2.core.transport.ConnectionHandlerClientThread.run (ConnectionHandlerClientThread.java:65)
200406 173030.334|FINER|Thread-1|run|THROW
|edu.csus.ecs.pc2.core.transport.TransportException: Connection reset
|    at edu.csus.ecs.pc2.core.transport.ConnectionHandlerThread.receive (ConnectionHandlerThread.java:155)
|    at edu.csus.ecs.pc2.core.transport.ConnectionHandlerClientThread.run (ConnectionHandlerClientThread.java:65)
